  Ex03.cpp
c:\users\michal\documents\visual studio 2015\projects\exercise3_computer_vision\exercise3_computer_vision\nmath.h(146): warning C4305: 'return': truncation from 'double' to 'float'
c:\users\michal\documents\visual studio 2015\projects\exercise3_computer_vision\exercise3_computer_vision\nmath.h(147): warning C4305: 'return': truncation from 'double' to 'float'
c:\users\michal\documents\visual studio 2015\projects\exercise3_computer_vision\exercise3_computer_vision\nmath.h(150): warning C4244: 'return': conversion from 'double' to 'float', possible loss of data
c:\users\michal\documents\visual studio 2015\projects\exercise3_computer_vision\exercise3_computer_vision\nmath.h(151): warning C4244: 'return': conversion from 'double' to 'float', possible loss of data
c:\users\michal\documents\visual studio 2015\projects\exercise3_computer_vision\exercise3_computer_vision\nmath.h(165): warning C4244: 'return': conversion from 'double' to 'float', possible loss of data
c:\users\michal\documents\visual studio 2015\projects\exercise3_computer_vision\exercise3_computer_vision\ex03.cpp(216): warning C4244: 'initializing': conversion from 'double' to 'float', possible loss of data
c:\users\michal\documents\visual studio 2015\projects\exercise3_computer_vision\exercise3_computer_vision\ex03.cpp(216): warning C4244: 'initializing': conversion from 'double' to 'const float', possible loss of data
c:\users\michal\documents\visual studio 2015\projects\exercise3_computer_vision\exercise3_computer_vision\ex03.cpp(217): warning C4244: 'initializing': conversion from 'double' to 'float', possible loss of data
c:\users\michal\documents\visual studio 2015\projects\exercise3_computer_vision\exercise3_computer_vision\ex03.cpp(217): warning C4244: 'initializing': conversion from 'double' to 'const float', possible loss of data
c:\users\michal\documents\visual studio 2015\projects\exercise3_computer_vision\exercise3_computer_vision\ex03.cpp(218): warning C4244: 'initializing': conversion from 'double' to 'float', possible loss of data
c:\users\michal\documents\visual studio 2015\projects\exercise3_computer_vision\exercise3_computer_vision\ex03.cpp(218): warning C4244: 'initializing': conversion from 'double' to 'const float', possible loss of data
c:\users\michal\documents\visual studio 2015\projects\exercise3_computer_vision\exercise3_computer_vision\ex03.cpp(242): warning C4244: 'initializing': conversion from 'double' to 'float', possible loss of data
c:\users\michal\documents\visual studio 2015\projects\exercise3_computer_vision\exercise3_computer_vision\ex03.cpp(249): warning C4244: '=': conversion from 'double' to 'float', possible loss of data
c:\users\michal\documents\visual studio 2015\projects\exercise3_computer_vision\exercise3_computer_vision\ex03.cpp(250): warning C4244: '=': conversion from 'double' to 'float', possible loss of data
c:\users\michal\documents\visual studio 2015\projects\exercise3_computer_vision\exercise3_computer_vision\ex03.cpp(259): warning C4244: '/=': conversion from 'double' to 'float', possible loss of data
c:\users\michal\documents\visual studio 2015\projects\exercise3_computer_vision\exercise3_computer_vision\ex03.cpp(268): warning C4244: 'initializing': conversion from 'double' to 'float', possible loss of data
c:\users\michal\documents\visual studio 2015\projects\exercise3_computer_vision\exercise3_computer_vision\ex03.cpp(275): warning C4244: '=': conversion from 'double' to 'float', possible loss of data
c:\users\michal\documents\visual studio 2015\projects\exercise3_computer_vision\exercise3_computer_vision\ex03.cpp(276): warning C4244: '=': conversion from 'double' to 'float', possible loss of data
c:\users\michal\documents\visual studio 2015\projects\exercise3_computer_vision\exercise3_computer_vision\ex03.cpp(285): warning C4244: '/=': conversion from 'double' to 'float', possible loss of data
c:\users\michal\documents\visual studio 2015\projects\exercise3_computer_vision\exercise3_computer_vision\ex03.cpp(375): warning C4244: 'initializing': conversion from 'double' to 'float', possible loss of data
c:\users\michal\documents\visual studio 2015\projects\exercise3_computer_vision\exercise3_computer_vision\ex03.cpp(375): warning C4244: 'initializing': conversion from 'double' to 'const float', possible loss of data
c:\users\michal\documents\visual studio 2015\projects\exercise3_computer_vision\exercise3_computer_vision\ex03.cpp(376): warning C4244: 'initializing': conversion from 'double' to 'float', possible loss of data
c:\users\michal\documents\visual studio 2015\projects\exercise3_computer_vision\exercise3_computer_vision\ex03.cpp(376): warning C4244: 'initializing': conversion from 'double' to 'const float', possible loss of data
c:\users\michal\documents\visual studio 2015\projects\exercise3_computer_vision\exercise3_computer_vision\ex03.cpp(377): warning C4244: 'initializing': conversion from 'double' to 'float', possible loss of data
c:\users\michal\documents\visual studio 2015\projects\exercise3_computer_vision\exercise3_computer_vision\ex03.cpp(377): warning C4244: 'initializing': conversion from 'double' to 'const float', possible loss of data
c:\users\michal\documents\visual studio 2015\projects\exercise3_computer_vision\exercise3_computer_vision\cmatrix.h(1053): warning C4244: '=': conversion from 'int' to 'float', possible loss of data
  c:\users\michal\documents\visual studio 2015\projects\exercise3_computer_vision\exercise3_computer_vision\cmatrix.h(1019): note: while compiling class template member function 'void CMatrix<float>::readFromPGM(const char *)'
  c:\users\michal\documents\visual studio 2015\projects\exercise3_computer_vision\exercise3_computer_vision\ex03.cpp(68): note: see reference to function template instantiation 'void CMatrix<float>::readFromPGM(const char *)' being compiled
  c:\users\michal\documents\visual studio 2015\projects\exercise3_computer_vision\exercise3_computer_vision\ex03.cpp(61): note: see reference to class template instantiation 'CMatrix<float>' being compiled
c:\users\michal\documents\visual studio 2015\projects\exercise3_computer_vision\exercise3_computer_vision\ctensor.h(926): warning C4244: '=': conversion from 'int' to 'float', possible loss of data
  c:\users\michal\documents\visual studio 2015\projects\exercise3_computer_vision\exercise3_computer_vision\ctensor.h(885): note: while compiling class template member function 'void CTensor<float>::readFromPPM(const char *)'
  c:\users\michal\documents\visual studio 2015\projects\exercise3_computer_vision\exercise3_computer_vision\ex03.cpp(69): note: see reference to function template instantiation 'void CTensor<float>::readFromPPM(const char *)' being compiled
  c:\users\michal\documents\visual studio 2015\projects\exercise3_computer_vision\exercise3_computer_vision\ex03.cpp(62): note: see reference to class template instantiation 'CTensor<float>' being compiled
c:\users\michal\documents\visual studio 2015\projects\exercise3_computer_vision\exercise3_computer_vision\ctensor.h(930): warning C4244: '=': conversion from 'int' to 'float', possible loss of data
c:\users\michal\documents\visual studio 2015\projects\exercise3_computer_vision\exercise3_computer_vision\ctensor.h(931): warning C4244: '=': conversion from 'int' to 'float', possible loss of data
c:\users\michal\documents\visual studio 2015\projects\exercise3_computer_vision\exercise3_computer_vision\ctensor.h(932): warning C4244: '=': conversion from 'int' to 'float', possible loss of data
c:\users\michal\documents\visual studio 2015\projects\exercise3_computer_vision\exercise3_computer_vision\cfilter.h(607): warning C4305: '=': truncation from 'double' to 'float'
  c:\users\michal\documents\visual studio 2015\projects\exercise3_computer_vision\exercise3_computer_vision\cfilter.h(595): note: while compiling class template member function 'CDerivative<float>::CDerivative(const int)'
  c:\users\michal\documents\visual studio 2015\projects\exercise3_computer_vision\exercise3_computer_vision\ex03.cpp(102): note: see reference to function template instantiation 'CDerivative<float>::CDerivative(const int)' being compiled
  c:\users\michal\documents\visual studio 2015\projects\exercise3_computer_vision\exercise3_computer_vision\ex03.cpp(102): note: see reference to class template instantiation 'CDerivative<float>' being compiled
c:\users\michal\documents\visual studio 2015\projects\exercise3_computer_vision\exercise3_computer_vision\cfilter.h(610): warning C4305: '=': truncation from 'double' to 'float'
c:\users\michal\documents\visual studio 2015\projects\exercise3_computer_vision\exercise3_computer_vision\cfilter.h(613): warning C4305: '=': truncation from 'double' to 'float'
c:\users\michal\documents\visual studio 2015\projects\exercise3_computer_vision\exercise3_computer_vision\cfilter.h(614): warning C4305: '=': truncation from 'double' to 'float'
c:\users\michal\documents\visual studio 2015\projects\exercise3_computer_vision\exercise3_computer_vision\cfilter.h(616): warning C4305: '=': truncation from 'double' to 'float'
c:\users\michal\documents\visual studio 2015\projects\exercise3_computer_vision\exercise3_computer_vision\cfilter.h(617): warning C4305: '=': truncation from 'double' to 'float'
c:\users\michal\documents\visual studio 2015\projects\exercise3_computer_vision\exercise3_computer_vision\cfilter.h(620): warning C4305: '=': truncation from 'double' to 'float'
c:\users\michal\documents\visual studio 2015\projects\exercise3_computer_vision\exercise3_computer_vision\cfilter.h(621): warning C4305: '=': truncation from 'double' to 'float'
c:\users\michal\documents\visual studio 2015\projects\exercise3_computer_vision\exercise3_computer_vision\cfilter.h(624): warning C4305: '=': truncation from 'double' to 'float'
c:\users\michal\documents\visual studio 2015\projects\exercise3_computer_vision\exercise3_computer_vision\cfilter.h(625): warning C4305: '=': truncation from 'double' to 'float'
c:\users\michal\documents\visual studio 2015\projects\exercise3_computer_vision\exercise3_computer_vision\cfilter.h(628): warning C4305: '=': truncation from 'double' to 'float'
c:\users\michal\documents\visual studio 2015\projects\exercise3_computer_vision\exercise3_computer_vision\cfilter.h(629): warning C4305: '=': truncation from 'double' to 'float'
c:\users\michal\documents\visual studio 2015\projects\exercise3_computer_vision\exercise3_computer_vision\cfilter.h(633): warning C4305: '=': truncation from 'double' to 'float'
c:\users\michal\documents\visual studio 2015\projects\exercise3_computer_vision\exercise3_computer_vision\cfilter.h(634): warning C4305: '=': truncation from 'double' to 'float'
c:\users\michal\documents\visual studio 2015\projects\exercise3_computer_vision\exercise3_computer_vision\cfilter.h(637): warning C4305: '=': truncation from 'double' to 'float'
c:\users\michal\documents\visual studio 2015\projects\exercise3_computer_vision\exercise3_computer_vision\cfilter.h(638): warning C4305: '=': truncation from 'double' to 'float'
c:\users\michal\documents\visual studio 2015\projects\exercise3_computer_vision\exercise3_computer_vision\cfilter.h(639): warning C4305: '=': truncation from 'double' to 'float'
c:\users\michal\documents\visual studio 2015\projects\exercise3_computer_vision\exercise3_computer_vision\cfilter.h(642): warning C4305: '=': truncation from 'double' to 'float'
c:\users\michal\documents\visual studio 2015\projects\exercise3_computer_vision\exercise3_computer_vision\cfilter.h(643): warning C4305: '=': truncation from 'double' to 'float'
c:\users\michal\documents\visual studio 2015\projects\exercise3_computer_vision\exercise3_computer_vision\cfilter.h(644): warning C4305: '=': truncation from 'double' to 'float'
c:\users\michal\documents\visual studio 2015\projects\exercise3_computer_vision\exercise3_computer_vision\cfilter.h(647): warning C4305: '=': truncation from 'double' to 'float'
c:\users\michal\documents\visual studio 2015\projects\exercise3_computer_vision\exercise3_computer_vision\cfilter.h(648): warning C4305: '=': truncation from 'double' to 'float'
c:\users\michal\documents\visual studio 2015\projects\exercise3_computer_vision\exercise3_computer_vision\cfilter.h(649): warning C4305: '=': truncation from 'double' to 'float'
c:\users\michal\documents\visual studio 2015\projects\exercise3_computer_vision\exercise3_computer_vision\cfilter.h(650): warning C4305: '=': truncation from 'double' to 'float'
c:\users\michal\documents\visual studio 2015\projects\exercise3_computer_vision\exercise3_computer_vision\cfilter.h(652): warning C4305: '=': truncation from 'double' to 'float'
c:\users\michal\documents\visual studio 2015\projects\exercise3_computer_vision\exercise3_computer_vision\cfilter.h(653): warning C4305: '=': truncation from 'double' to 'float'
c:\users\michal\documents\visual studio 2015\projects\exercise3_computer_vision\exercise3_computer_vision\cfilter.h(654): warning C4305: '=': truncation from 'double' to 'float'
c:\users\michal\documents\visual studio 2015\projects\exercise3_computer_vision\exercise3_computer_vision\cfilter.h(656): warning C4305: '=': truncation from 'double' to 'float'
c:\users\michal\documents\visual studio 2015\projects\exercise3_computer_vision\exercise3_computer_vision\cfilter.h(659): warning C4305: '=': truncation from 'double' to 'float'
c:\users\michal\documents\visual studio 2015\projects\exercise3_computer_vision\exercise3_computer_vision\cfilter.h(660): warning C4305: '=': truncation from 'double' to 'float'
c:\users\michal\documents\visual studio 2015\projects\exercise3_computer_vision\exercise3_computer_vision\cfilter.h(661): warning C4305: '=': truncation from 'double' to 'float'
c:\users\michal\documents\visual studio 2015\projects\exercise3_computer_vision\exercise3_computer_vision\cfilter.h(666): warning C4305: '=': truncation from 'double' to 'float'
c:\users\michal\documents\visual studio 2015\projects\exercise3_computer_vision\exercise3_computer_vision\cfilter.h(667): warning C4305: '=': truncation from 'double' to 'float'
c:\users\michal\documents\visual studio 2015\projects\exercise3_computer_vision\exercise3_computer_vision\cfilter.h(668): warning C4305: '=': truncation from 'double' to 'float'
c:\users\michal\documents\visual studio 2015\projects\exercise3_computer_vision\exercise3_computer_vision\cfilter.h(559): warning C4244: 'initializing': conversion from 'double' to 'float', possible loss of data
  c:\users\michal\documents\visual studio 2015\projects\exercise3_computer_vision\exercise3_computer_vision\cfilter.h(556): note: while compiling class template member function 'CSmooth<float>::CSmooth(float,float)'
  c:\users\michal\documents\visual studio 2015\projects\exercise3_computer_vision\exercise3_computer_vision\ex03.cpp(121): note: see reference to function template instantiation 'CSmooth<float>::CSmooth(float,float)' being compiled
  c:\users\michal\documents\visual studio 2015\projects\exercise3_computer_vision\exercise3_computer_vision\ex03.cpp(121): note: see reference to class template instantiation 'CSmooth<float>' being compiled
c:\users\michal\documents\visual studio 2015\projects\exercise3_computer_vision\exercise3_computer_vision\cfilter.h(563): warning C4244: 'initializing': conversion from 'double' to 'float', possible loss of data
  Exercise3_computer_vision.vcxproj -> C:\Users\Michal\Documents\Visual Studio 2015\Projects\Exercise3_computer_vision\Debug\Exercise3_computer_vision.exe
  Exercise3_computer_vision.vcxproj -> C:\Users\Michal\Documents\Visual Studio 2015\Projects\Exercise3_computer_vision\Debug\Exercise3_computer_vision.pdb (Full PDB)
