  Ex02.cpp
c:\users\michal\documents\visual studio 2015\projects\exercise2\exercise2\nmath.h(146): warning C4305: 'return': truncation from 'double' to 'float'
c:\users\michal\documents\visual studio 2015\projects\exercise2\exercise2\nmath.h(147): warning C4305: 'return': truncation from 'double' to 'float'
c:\users\michal\documents\visual studio 2015\projects\exercise2\exercise2\nmath.h(150): warning C4244: 'return': conversion from 'double' to 'float', possible loss of data
c:\users\michal\documents\visual studio 2015\projects\exercise2\exercise2\nmath.h(151): warning C4244: 'return': conversion from 'double' to 'float', possible loss of data
c:\users\michal\documents\visual studio 2015\projects\exercise2\exercise2\nmath.h(165): warning C4244: 'return': conversion from 'double' to 'float', possible loss of data
c:\program files (x86)\windows kits\8.1\include\um\winnt.h(11527): error C2467: illegal declaration of anonymous 'struct'
c:\program files (x86)\windows kits\8.1\include\um\winnt.h(11538): error C2467: illegal declaration of anonymous 'struct'
c:\program files (x86)\windows kits\8.1\include\um\winnt.h(11550): error C2467: illegal declaration of anonymous 'struct'
c:\program files (x86)\windows kits\8.1\include\um\winnt.h(11560): error C2467: illegal declaration of anonymous 'struct'
c:\program files (x86)\windows kits\8.1\include\um\winnt.h(11570): error C2467: illegal declaration of anonymous 'struct'
c:\program files (x86)\windows kits\8.1\include\um\winnt.h(11580): error C2467: illegal declaration of anonymous 'struct'
c:\program files (x86)\windows kits\8.1\include\um\winnt.h(11591): error C2467: illegal declaration of anonymous 'struct'
c:\program files (x86)\windows kits\8.1\include\um\winnt.h(15650): error C2467: illegal declaration of anonymous 'struct'
c:\program files (x86)\windows kits\8.1\include\um\winnt.h(16307): error C2467: illegal declaration of anonymous 'struct'
c:\program files (x86)\windows kits\8.1\include\um\winnt.h(18389): error C2133: '_ACTIVATION_CONTEXT_COMPATIBILITY_INFORMATION::Elements': unknown size
c:\program files (x86)\windows kits\8.1\include\um\wingdi.h(2203): error C2467: illegal declaration of anonymous 'struct'
c:\program files (x86)\windows kits\8.1\include\um\wingdi.h(2209): error C2467: illegal declaration of anonymous 'struct'
c:\program files (x86)\windows kits\8.1\include\um\wingdi.h(2257): error C2467: illegal declaration of anonymous 'struct'
c:\program files (x86)\windows kits\8.1\include\um\wingdi.h(2263): error C2467: illegal declaration of anonymous 'struct'
c:\program files (x86)\windows kits\8.1\include\um\wingdi.h(2809): warning C4309: 'initializing': truncation of constant value
c:\program files (x86)\windows kits\8.1\include\um\wingdi.h(2811): warning C4309: 'initializing': truncation of constant value
c:\program files (x86)\windows kits\8.1\include\um\wingdi.h(3028): error C2467: illegal declaration of anonymous 'struct'
c:\program files (x86)\windows kits\8.1\include\um\wingdi.h(3073): error C2467: illegal declaration of anonymous 'struct'
c:\program files (x86)\windows kits\8.1\include\um\winuser.h(6422): error C2467: illegal declaration of anonymous 'struct'
c:\program files (x86)\windows kits\8.1\include\um\winuser.h(14156): error C2467: illegal declaration of anonymous 'struct'
c:\program files (x86)\windows kits\8.1\include\um\winioctl.h(7575): error C2133: '_STORAGE_QUERY_DEPENDENT_VOLUME_RESPONSE::Lev1Depends': unknown size
c:\program files (x86)\windows kits\8.1\include\um\winioctl.h(7576): error C2133: '_STORAGE_QUERY_DEPENDENT_VOLUME_RESPONSE::Lev2Depends': unknown size
c:\users\michal\documents\visual studio 2015\projects\exercise2\exercise2\cimg.h(4684): error C2664: 'DWORD GetFileAttributesW(LPCWSTR)': cannot convert argument 1 from 'const char *const ' to 'LPCWSTR'
  c:\users\michal\documents\visual studio 2015\projects\exercise2\exercise2\cimg.h(4684): note: Types pointed to are unrelated; conversion requires reinterpret_cast, C-style cast or function-style cast
c:\users\michal\documents\visual studio 2015\projects\exercise2\exercise2\ex02.cpp(195): warning C4244: '=': conversion from 'double' to 'float', possible loss of data
c:\users\michal\documents\visual studio 2015\projects\exercise2\exercise2\ex02.cpp(196): warning C4244: '=': conversion from 'double' to 'float', possible loss of data
c:\users\michal\documents\visual studio 2015\projects\exercise2\exercise2\ex02.cpp(306): warning C4244: '=': conversion from 'double' to 'float', possible loss of data
c:\users\michal\documents\visual studio 2015\projects\exercise2\exercise2\ex02.cpp(317): warning C4305: 'initializing': truncation from 'double' to 'float'
c:\users\michal\documents\visual studio 2015\projects\exercise2\exercise2\ex02.cpp(318): warning C4305: 'initializing': truncation from 'double' to 'float'
c:\users\michal\documents\visual studio 2015\projects\exercise2\exercise2\ex02.cpp(471): warning C4305: 'initializing': truncation from 'double' to 'float'
c:\users\michal\documents\visual studio 2015\projects\exercise2\exercise2\ex02.cpp(472): warning C4305: 'initializing': truncation from 'double' to 'float'
c:\users\michal\documents\visual studio 2015\projects\exercise2\exercise2\ex02.cpp(479): warning C4244: '=': conversion from 'double' to 'float', possible loss of data
