  Ex01.cpp
d:\studia freiburg\image\imageprocessing03ex01\nmath.h(146): warning C4305: 'return': truncation from 'double' to 'float'
d:\studia freiburg\image\imageprocessing03ex01\nmath.h(147): warning C4305: 'return': truncation from 'double' to 'float'
d:\studia freiburg\image\imageprocessing03ex01\nmath.h(150): warning C4244: 'return': conversion from 'double' to 'float', possible loss of data
d:\studia freiburg\image\imageprocessing03ex01\nmath.h(151): warning C4244: 'return': conversion from 'double' to 'float', possible loss of data
d:\studia freiburg\image\imageprocessing03ex01\nmath.h(165): warning C4244: 'return': conversion from 'double' to 'float', possible loss of data
d:\studia freiburg\image\imageprocessing03ex01\ex01.cpp(181): warning C4101: 'r': unreferenced local variable
d:\studia freiburg\image\imageprocessing03ex01\ex01.cpp(229): warning C4244: '+=': conversion from 'double' to 'float', possible loss of data
d:\studia freiburg\image\imageprocessing03ex01\ex01.cpp(265): warning C4244: '+=': conversion from 'double' to 'float', possible loss of data
d:\studia freiburg\image\imageprocessing03ex01\ex01.cpp(289): warning C4244: 'initializing': conversion from 'double' to 'float', possible loss of data
d:\studia freiburg\image\imageprocessing03ex01\ex01.cpp(289): warning C4244: 'initializing': conversion from 'double' to 'const float', possible loss of data
d:\studia freiburg\image\imageprocessing03ex01\ex01.cpp(291): warning C4244: 'initializing': conversion from 'double' to 'float', possible loss of data
d:\studia freiburg\image\imageprocessing03ex01\ex01.cpp(291): warning C4244: 'initializing': conversion from 'double' to 'const float', possible loss of data
d:\studia freiburg\image\imageprocessing03ex01\ex01.cpp(292): warning C4244: 'initializing': conversion from 'double' to 'float', possible loss of data
d:\studia freiburg\image\imageprocessing03ex01\ex01.cpp(292): warning C4244: 'initializing': conversion from 'double' to 'const float', possible loss of data
d:\studia freiburg\image\imageprocessing03ex01\ex01.cpp(293): warning C4244: 'initializing': conversion from 'double' to 'float', possible loss of data
d:\studia freiburg\image\imageprocessing03ex01\ex01.cpp(293): warning C4244: 'initializing': conversion from 'double' to 'const float', possible loss of data
d:\studia freiburg\image\imageprocessing03ex01\ex01.cpp(294): warning C4244: 'initializing': conversion from 'double' to 'float', possible loss of data
d:\studia freiburg\image\imageprocessing03ex01\ex01.cpp(294): warning C4244: 'initializing': conversion from 'double' to 'const float', possible loss of data
  image.vcxproj -> C:\Users\Michal\Documents\Visual Studio 2015\Projects\image\Debug\image.exe
  image.vcxproj -> C:\Users\Michal\Documents\Visual Studio 2015\Projects\image\Debug\image.pdb (Partial PDB)
